<?xml version="1.0" encoding="UTF-8"?>
<!-- Generated by org.testng.reporters.JUnitXMLReporter -->
<testsuite ignored="2" hostname="LTIN461937" failures="1" tests="2" name="Test" time="265.249" errors="0" timestamp="2024-05-01T16:36:53 IST">
  <testcase classname="testCases.TC_001_BeCognizantPage" name="beCognizantValidation" time="49.186">
    <failure type="java.lang.AssertionError" message="expected [Kumar, Vishal(Contractor)] but found [Kumar, Vishal (Contractor)]">
      <![CDATA[java.lang.AssertionError: expected [Kumar, Vishal(Contractor)] but found [Kumar, Vishal (Contractor)]
at testCases.TC_001_BeCognizantPage.beCognizantValidation(TC_001_BeCognizantPage.java:28)
at java.base/java.util.ArrayList.forEach(ArrayList.java:1511)
... Removed 33 stack frames]]>
    </failure>
  </testcase> <!-- beCognizantValidation -->
  <testcase classname="testCases.TC_002_NewsPage" name="newsPageValidation" time="166.48"/>
  <testcase classname="testBase.BaseClass" name="@BeforeTest setup" time="0.0">
    <ignored/>
  </testcase> <!-- @BeforeTest setup -->
  <testcase classname="testBase.BaseClass" name="@AfterTest tearDown" time="0.0">
    <ignored/>
  </testcase> <!-- @AfterTest tearDown -->
</testsuite> <!-- Test -->
